<?xml version="1.0" encoding="UTF-8"?>
<!-- Generated by org.testng.reporters.JUnitReportReporter -->
<testsuite hostname="LAPTOP-4KSNJ2UH" failures="0" tests="1" name="TestMRS.LogTest" time="0.005" errors="0" timestamp="2020-12-14T17:45:49 GMT-06:00" skipped="0">
  <testcase classname="TestMRS.LogTest" name="JustChecking" time="0.005"/>
  <system-out/>
</testsuite> <!-- TestMRS.LogTest -->
